[2026-06-24 20:02:41] Monitoring started
[2026-06-24 20:02:41] CPU LOAD (1min): 0.08
[2026-06-24 20:02:41] [OK] CPU normal
[2026-06-24 20:02:41] MEM AVAILABLE: 2934MB
[2026-06-24 20:02:41] [OK] Memory OK
[2026-06-24 20:02:41] DISK USAGE: 41%
[2026-06-24 20:02:41] [OK] Disk OK
[2026-06-24 20:02:41] Top processes snapshot
    PID COMMAND         %CPU %MEM
   3528 monitor-v3.sh    8.1  0.1
   1617 sshd-session     1.0  0.2
   1811 kworker/0:0-cgw  0.9  0.0
     14 ksoftirqd/0      0.3  0.0
      1 systemd          0.2  0.4
[2026-06-24 20:02:41] Monitoring finished
[2026-06-24 20:45:01] Monitoring started
[2026-06-24 20:45:01] CPU LOAD (1min): 0.12
[2026-06-24 20:45:01] [OK] CPU normal
[2026-06-24 20:45:01] MEM AVAILABLE: 2931MB
[2026-06-24 20:45:01] [OK] Memory OK
[2026-06-24 20:45:01] DISK USAGE: 41%
[2026-06-24 20:45:01] [OK] Disk OK
[2026-06-24 20:45:01] Top processes snapshot
    PID COMMAND         %CPU %MEM
   1617 sshd-session     0.9  0.2
   3727 kworker/0:2-eve  0.3  0.0
     14 ksoftirqd/0      0.2  0.0
      1 systemd          0.1  0.4
   1971 fwupd            0.0  1.3
[2026-06-24 20:45:01] Monitoring finished
